2018-01-17 13:13:39,878 WARNING Not Found: /robots.txt
2018-01-17 13:13:39,884 WARNING Not Found: /
2018-01-17 13:13:40,516 WARNING Not Found: /favicon.ico
2018-01-17 13:13:41,239 WARNING Not Found: /favicon.ico
2018-01-17 13:13:48,004 WARNING Not Found: /
2018-01-17 13:14:03,604 WARNING Not Found: /InventoryProject/
2018-01-17 13:30:00,627 WARNING Not Found: /InventoryProject/
2018-01-17 13:30:14,139 WARNING Not Found: /InventoryApp/
2018-01-17 13:30:25,915 WARNING Not Found: /InventoryApp/
2018-01-17 13:46:39,134 WARNING Not Found: /robots.txt
2018-01-17 13:46:39,135 DEBUG hr_details:
2018-01-17 16:01:47,970 DEBUG get_user:
2018-01-17 16:02:41,090 DEBUG get_user:
2018-01-17 16:03:54,032 DEBUG get_user:
2018-01-17 16:05:30,588 DEBUG warehouse_add:request is from ip: None
2018-01-17 16:05:30,591 DEBUG warehouse_add:{"error_code":"1", "error_desc": "record added"}
2018-01-17 16:05:34,608 DEBUG warehouse_add:request is from ip: None
2018-01-17 16:05:34,610 DEBUG warehouse_add:{"error_code":"4", "error_desc": "Your warehouse already exists."}
2018-01-17 16:05:42,689 DEBUG warehouse_add:request is from ip: None
2018-01-17 16:05:42,691 DEBUG warehouse_add:{"error_code":"1", "error_desc": "record added"}
2018-01-17 16:05:44,549 DEBUG warehouse_add:request is from ip: None
2018-01-17 16:05:44,550 DEBUG warehouse_add:{"error_code":"4", "error_desc": "Your warehouse already exists."}
2018-01-17 16:05:52,300 DEBUG get_warehouse:
2018-01-17 16:14:22,356 DEBUG get_warehouse:
2018-01-17 16:14:24,472 DEBUG get_warehouse:
2018-01-17 16:14:26,041 DEBUG get_warehouse:
2018-01-17 16:14:26,726 DEBUG get_warehouse:
