nohup: ignoring input
[10/Feb/2018 18:46:09] "POST /InventoryApp/get_status/ HTTP/1.1" 200 497
[10/Feb/2018 18:47:00] "GET /InventoryApp/get_status/ HTTP/1.1" 200 497
[10/Feb/2018 18:47:00] "GET /favicon.ico HTTP/1.1" 404 85
[10/Feb/2018 19:18:55] "GET /InventoryApp/get_status/ HTTP/1.1" 200 497
[10/Feb/2018 19:19:00] "GET /InventoryApp/get_status/ HTTP/1.1" 200 497
[10/Feb/2018 19:36:47] "POST /InventoryApp/login/ HTTP/1.1" 200 53
[10/Feb/2018 19:36:47] "POST /InventoryApp/get_user/ HTTP/1.1" 200 52
[10/Feb/2018 19:36:48] "POST /InventoryApp/get_user/ HTTP/1.1" 200 52
[10/Feb/2018 19:52:12] "POST /InventoryApp/login/ HTTP/1.1" 200 53
[10/Feb/2018 19:52:12] "POST /InventoryApp/get_user/ HTTP/1.1" 200 52
[10/Feb/2018 19:52:12] "POST /InventoryApp/get_user/ HTTP/1.1" 200 52
[10/Feb/2018 19:52:17] "POST /InventoryApp/login/ HTTP/1.1" 200 53
[10/Feb/2018 19:52:17] "POST /InventoryApp/get_user/ HTTP/1.1" 200 52
[10/Feb/2018 19:52:17] "POST /InventoryApp/get_user/ HTTP/1.1" 200 52
[10/Feb/2018 19:52:53] "POST /InventoryApp/get_user/ HTTP/1.1" 200 591
[10/Feb/2018 19:53:06] "GET /InventoryApp/get_position/ HTTP/1.1" 200 23
[10/Feb/2018 19:53:08] "GET /InventoryApp/get_productquantity/ HTTP/1.1" 200 31
[10/Feb/2018 19:53:11] "GET /InventoryApp/get_position/ HTTP/1.1" 200 23
[10/Feb/2018 19:53:12] "POST /InventoryApp/get_user/ HTTP/1.1" 200 591
[10/Feb/2018 19:53:14] "POST /InventoryApp/get_requisition/ HTTP/1.1" 200 18
[10/Feb/2018 19:53:19] "POST /InventoryApp/get_requisition/ HTTP/1.1" 200 18
[10/Feb/2018 19:53:23] "GET /InventoryApp/get_todayrequisition/ HTTP/1.1" 200 24
[10/Feb/2018 19:53:26] "POST /InventoryApp/get_user/ HTTP/1.1" 200 591
[10/Feb/2018 19:53:28] "GET /InventoryApp/get_position/ HTTP/1.1" 200 23
[10/Feb/2018 19:53:30] "GET /InventoryApp/get_status/ HTTP/1.1" 200 497
[10/Feb/2018 19:53:30] "GET /InventoryApp/get_warehouse/ HTTP/1.1" 200 148
[10/Feb/2018 19:53:36] "GET /InventoryApp/get_position/ HTTP/1.1" 200 23
[10/Feb/2018 19:53:37] "POST /InventoryApp/get_user/ HTTP/1.1" 200 591
[10/Feb/2018 19:53:38] "GET /InventoryApp/get_product/ HTTP/1.1" 200 22
[10/Feb/2018 19:53:40] "GET /InventoryApp/get_status/ HTTP/1.1" 200 497
[10/Feb/2018 19:53:40] "GET /InventoryApp/get_materialtype/ HTTP/1.1" 200 223
[10/Feb/2018 19:53:40] "GET /InventoryApp/get_uom/ HTTP/1.1" 200 76
[10/Feb/2018 19:53:47] "GET /InventoryApp/get_product/ HTTP/1.1" 200 22
[10/Feb/2018 19:54:27] "GET /InventoryApp/get_product/ HTTP/1.1" 200 22
[10/Feb/2018 19:54:31] "GET /InventoryApp/get_status/ HTTP/1.1" 200 497
[10/Feb/2018 19:54:31] "GET /InventoryApp/get_materialtype/ HTTP/1.1" 200 223
[10/Feb/2018 19:54:31] "GET /InventoryApp/get_uom/ HTTP/1.1" 200 76
[10/Feb/2018 19:57:02] "POST /InventoryApp/add_product/ HTTP/1.1" 200 91
[10/Feb/2018 19:57:05] "GET /InventoryApp/get_product/ HTTP/1.1" 200 22
[10/Feb/2018 19:57:10] "POST /InventoryApp/get_user/ HTTP/1.1" 200 591
[10/Feb/2018 19:57:28] "GET /InventoryApp/get_position/ HTTP/1.1" 200 23
[10/Feb/2018 19:57:29] "POST /InventoryApp/get_user/ HTTP/1.1" 200 591
[10/Feb/2018 19:57:30] "GET /InventoryApp/get_product/ HTTP/1.1" 200 22
[10/Feb/2018 19:57:34] "POST /InventoryApp/get_user/ HTTP/1.1" 200 591
[10/Feb/2018 19:57:36] "GET /InventoryApp/get_position/ HTTP/1.1" 200 23
[10/Feb/2018 19:57:45] "GET /InventoryApp/get_status/ HTTP/1.1" 200 497
[10/Feb/2018 19:57:45] "GET /InventoryApp/get_warehouse/ HTTP/1.1" 200 148
[10/Feb/2018 19:59:11] "GET /InventoryApp/get_position/ HTTP/1.1" 200 23
[10/Feb/2018 19:59:13] "POST /InventoryApp/get_user/ HTTP/1.1" 200 591
[10/Feb/2018 19:59:15] "GET /InventoryApp/get_product/ HTTP/1.1" 200 22
[10/Feb/2018 19:59:44] "POST /InventoryApp/get_user/ HTTP/1.1" 200 591
[10/Feb/2018 20:00:15] "POST /InventoryApp/login/ HTTP/1.1" 200 53
[10/Feb/2018 20:00:15] "POST /InventoryApp/get_user/ HTTP/1.1" 200 591
[10/Feb/2018 20:00:15] "POST /InventoryApp/get_user/ HTTP/1.1" 200 591
[12/Feb/2018 12:54:16] "POST /InventoryApp/login/ HTTP/1.1" 200 53
[12/Feb/2018 12:54:17] "POST /InventoryApp/get_user/ HTTP/1.1" 200 591
[12/Feb/2018 12:54:18] "POST /InventoryApp/get_user/ HTTP/1.1" 200 591
[12/Feb/2018 12:54:55] "POST /InventoryApp/login/ HTTP/1.1" 200 79
[12/Feb/2018 12:55:28] "POST /InventoryApp/login/ HTTP/1.1" 200 53
[12/Feb/2018 12:55:28] "POST /InventoryApp/get_user/ HTTP/1.1" 200 591
[12/Feb/2018 12:55:28] "POST /InventoryApp/get_user/ HTTP/1.1" 200 591
[12/Feb/2018 14:00:36] "POST /InventoryApp/login/ HTTP/1.1" 200 53
[12/Feb/2018 14:04:15] "POST /InventoryApp/login/ HTTP/1.1" 200 53
[12/Feb/2018 14:05:06] "POST /InventoryApp/login/ HTTP/1.1" 200 53
[12/Feb/2018 14:05:06] "POST /InventoryApp/get_user/ HTTP/1.1" 200 591
[12/Feb/2018 14:05:07] "POST /InventoryApp/get_user/ HTTP/1.1" 200 591
[12/Feb/2018 14:05:13] "POST /InventoryApp/login/ HTTP/1.1" 200 53
[12/Feb/2018 14:05:13] "POST /InventoryApp/get_user/ HTTP/1.1" 200 591
[12/Feb/2018 14:05:13] "POST /InventoryApp/get_user/ HTTP/1.1" 200 591
[12/Feb/2018 14:09:28] "POST /InventoryApp/login/ HTTP/1.1" 200 53
[12/Feb/2018 14:09:28] "POST /InventoryApp/get_user/ HTTP/1.1" 200 591
[12/Feb/2018 14:09:29] "POST /InventoryApp/get_user/ HTTP/1.1" 200 591
[12/Feb/2018 14:13:39] "POST /InventoryApp/login/ HTTP/1.1" 200 78
[12/Feb/2018 14:18:25] "POST /InventoryApp/login/ HTTP/1.1" 200 78
[12/Feb/2018 14:21:33] "POST /InventoryApp/login/ HTTP/1.1" 200 78
[12/Feb/2018 14:23:58] "POST /InventoryApp/login/ HTTP/1.1" 200 78
[12/Feb/2018 14:24:11] "POST /InventoryApp/login/ HTTP/1.1" 200 78
[12/Feb/2018 14:24:17] "POST /InventoryApp/login/ HTTP/1.1" 200 78
[12/Feb/2018 14:24:21] "POST /InventoryApp/login/ HTTP/1.1" 200 78
[12/Feb/2018 14:24:33] "POST /InventoryApp/login/ HTTP/1.1" 200 52
[12/Feb/2018 14:24:37] "POST /InventoryApp/login/ HTTP/1.1" 200 53
[12/Feb/2018 14:24:37] "POST /InventoryApp/get_user/ HTTP/1.1" 200 591
[12/Feb/2018 14:24:37] "POST /InventoryApp/get_user/ HTTP/1.1" 200 591
[12/Feb/2018 15:32:48] "POST /InventoryApp/login/ HTTP/1.1" 200 53
[12/Feb/2018 15:32:48] "POST /InventoryApp/login/ HTTP/1.1" 200 53
[12/Feb/2018 15:32:49] "POST /InventoryApp/get_user/ HTTP/1.1" 200 591
[12/Feb/2018 15:32:49] "POST /InventoryApp/get_user/ HTTP/1.1" 200 591
[12/Feb/2018 15:32:49] "POST /InventoryApp/get_user/ HTTP/1.1" 200 591
[12/Feb/2018 15:32:49] "POST /InventoryApp/get_user/ HTTP/1.1" 200 591
[12/Feb/2018 15:34:40] "GET /InventoryApp/get_product/ HTTP/1.1" 200 22
[12/Feb/2018 15:34:42] "POST /InventoryApp/get_user/ HTTP/1.1" 200 591
[12/Feb/2018 15:34:44] "GET /InventoryApp/get_product/ HTTP/1.1" 200 22
[12/Feb/2018 15:34:58] "GET /InventoryApp/get_product/ HTTP/1.1" 200 22
[12/Feb/2018 15:35:01] "GET /InventoryApp/get_uom/ HTTP/1.1" 200 76
[12/Feb/2018 15:35:01] "GET /InventoryApp/get_status/ HTTP/1.1" 200 497
[12/Feb/2018 15:35:01] "GET /InventoryApp/get_product/ HTTP/1.1" 200 22
[12/Feb/2018 15:35:01] "GET /InventoryApp/get_materialtype/ HTTP/1.1" 200 223
[12/Feb/2018 15:35:04] "POST /InventoryApp/get_user/ HTTP/1.1" 200 591
[12/Feb/2018 15:35:27] "POST /InventoryApp/login/ HTTP/1.1" 200 78
[12/Feb/2018 15:36:36] "POST /InventoryApp/login/ HTTP/1.1" 200 78
[12/Feb/2018 15:36:37] "POST /InventoryApp/login/ HTTP/1.1" 200 78
[12/Feb/2018 15:36:49] "POST /InventoryApp/login/ HTTP/1.1" 200 53
[12/Feb/2018 15:36:50] "POST /InventoryApp/get_user/ HTTP/1.1" 200 591
[12/Feb/2018 15:36:50] "POST /InventoryApp/get_user/ HTTP/1.1" 200 591
[12/Feb/2018 15:36:57] "GET /InventoryApp/get_product/ HTTP/1.1" 200 22
[12/Feb/2018 15:36:58] "GET /InventoryApp/get_status/ HTTP/1.1" 200 497
[12/Feb/2018 15:36:58] "GET /InventoryApp/get_uom/ HTTP/1.1" 200 76
[12/Feb/2018 15:36:58] "GET /InventoryApp/get_materialtype/ HTTP/1.1" 200 223
[12/Feb/2018 16:11:37] "POST /InventoryApp/login/ HTTP/1.1" 200 78
[12/Feb/2018 16:11:50] "POST /InventoryApp/login/ HTTP/1.1" 200 52
[12/Feb/2018 16:12:01] "POST /InventoryApp/login/ HTTP/1.1" 200 52
[12/Feb/2018 16:12:10] "POST /InventoryApp/login/ HTTP/1.1" 200 53
[12/Feb/2018 16:12:10] "POST /InventoryApp/get_user/ HTTP/1.1" 200 591
[12/Feb/2018 16:12:10] "POST /InventoryApp/get_user/ HTTP/1.1" 200 591
[12/Feb/2018 16:57:20] "POST /InventoryApp/login/ HTTP/1.1" 200 53
[12/Feb/2018 16:57:23] "POST /InventoryApp/get_user/ HTTP/1.1" 200 609
[12/Feb/2018 16:57:23] "POST /InventoryApp/get_user/ HTTP/1.1" 200 609
[12/Feb/2018 16:57:27] "POST /InventoryApp/get_user/ HTTP/1.1" 200 609
[12/Feb/2018 16:57:35] "GET /InventoryApp/get_product/ HTTP/1.1" 200 22
[12/Feb/2018 16:57:35] "GET /InventoryApp/get_status/ HTTP/1.1" 200 497
[12/Feb/2018 16:57:35] "GET /InventoryApp/get_materialtype/ HTTP/1.1" 200 223
[12/Feb/2018 16:57:35] "GET /InventoryApp/get_uom/ HTTP/1.1" 200 76
[12/Feb/2018 17:11:11] "POST /InventoryApp/add_product/ HTTP/1.1" 200 56
[12/Feb/2018 17:11:19] "GET /InventoryApp/get_product/ HTTP/1.1" 200 22
[12/Feb/2018 17:11:24] "GET /InventoryApp/get_materialtype/ HTTP/1.1" 200 223
[12/Feb/2018 17:11:24] "GET /InventoryApp/get_status/ HTTP/1.1" 200 497
[12/Feb/2018 17:11:24] "GET /InventoryApp/get_uom/ HTTP/1.1" 200 76
[12/Feb/2018 17:11:26] "GET /InventoryApp/get_product/ HTTP/1.1" 200 22
[12/Feb/2018 17:11:33] "GET /InventoryApp/get_materialtype/ HTTP/1.1" 200 223
[12/Feb/2018 17:11:33] "GET /InventoryApp/get_uom/ HTTP/1.1" 200 76
[12/Feb/2018 17:11:33] "GET /InventoryApp/get_status/ HTTP/1.1" 200 497
[12/Feb/2018 17:11:37] "POST /InventoryApp/add_product/ HTTP/1.1" 200 91
[12/Feb/2018 17:11:40] "GET /InventoryApp/get_product/ HTTP/1.1" 200 22
[12/Feb/2018 17:11:41] "GET /InventoryApp/get_uom/ HTTP/1.1" 200 76
[12/Feb/2018 17:11:41] "GET /InventoryApp/get_materialtype/ HTTP/1.1" 200 223
[12/Feb/2018 17:11:41] "GET /InventoryApp/get_status/ HTTP/1.1" 200 497
[12/Feb/2018 17:11:51] "GET /InventoryApp/get_product/ HTTP/1.1" 200 22
Performing system checks...

System check identified no issues (0 silenced).
February 10, 2018 - 18:45:48
Django version 1.11.10, using settings 'InventoryProject.settings'
Starting development server at http://0.0.0.0:20111/
Quit the server with CONTROL-C.
{"username":"chanti","password":"chanti"}
{"username":"chanti"}
{"username":"chanti"}
{"username":"chanti","password":"chanti"}
{"username":"chanti"}
{"username":"chanti"}
{"username":"chanti","password":"chanti"}
{"username":"chanti"}
{"username":"chanti"}
{"username":"chanti"}
{"username":"chanti"}
{"id":"null"}
{"id":"null"}
{"username":"chanti"}
{"username":"chanti"}
{"productname":"","productdescription":"","productmodel":"","productcompany":"","productpackage":"","productpurchasable":"No","productpurchaselistprice":"","productpricetolerancepercent":"","productsellable":"No","productserialcontrolled":"No","productbatchtracked":"Yes","standardcost":"","reorderlevel":"","reorderquantity":"","producttype":"1","productuom":"1","statusid":"1"}
{"username":"chanti"}
{"username":"chanti"}
{"username":"chanti"}
{"username":"chanti"}
{"username":"chanti"}
{"username":"chanti","password":"chanti"}
{"username":"chanti"}
{"username":"chanti"}
{"password":"chanti","username":"chanti"}
{"username":"chanti"}
{"username":"chanti"}
{"password":"","username":"chanti"}
{"password":"chanti","username":"chanti"}
{"username":"chanti"}
{"username":"chanti"}
{"password":"chanti","username":"chanti"}
{"password":"chanti","username":"chanti"}
{"password":"chanti","username":"chanti"}
{"username":"chanti"}
{"username":"chanti"}
{"password":"chanti","username":"chanti"}
{"username":"chanti"}
{"username":"chanti"}
{"password":"chanti","username":"chanti"}
{"username":"chanti"}
{"username":"chanti"}
{"password":"","username":""}
{"password":"","username":""}
{"password":"","username":""}
{"password":"","username":""}
{"password":"","username":""}
{"password":"","username":""}
{"password":"","username":""}
{"password":"chantif","username":"chanti"}
{"password":"chanti","username":"chanti"}
{"username":"chanti"}
{"username":"chanti"}
{"username":"chanti","password":"chanti"}
{"username":"chanti","password":"chanti"}
{"username":"chanti"}
{"username":"chanti"}
{"username":"chanti"}
{"username":"chanti"}
{"username":"chanti"}
{"username":"chanti"}
{"username":"","password":""}
{"username":"","password":""}
{"username":"","password":""}
{"username":"chanti","password":"chanti"}
{"username":"chanti"}
{"username":"chanti"}
{"password":"","username":""}
{"password":"bh","username":"chanti"}
{"password":"bh","username":"chanti"}
{"password":"chanti","username":"chanti"}
{"username":"chanti"}
{"username":"chanti"}
{"username":"davidraju","password":"davidraju"}
{"username":"davidraju"}
{"username":"davidraju"}
{"username":"davidraju"}
{"productname":"cp plushd camara - 1.3 bullet 20 ","productdescription":"1.3 mp 20 mtrs bullet camera","productmodel":"cp- usc-ta 13l2-0305","productcompany":"cp plus","productpackage":"bullet plastic casing","productpurchasable":"Yes","productpurchaselistprice":"1600","productpricetolerancepercent":"10","productsellable":"Yes","productserialcontrolled":"Yes","productbatchtracked":"Yes","standardcost":" 2400","reorderlevel":"5","reorderquantity":"3","producttype":"2","productuom":"1","statusid":"1"}
{"productname":"","productdescription":"","productmodel":"","productcompany":"","productpackage":"","productpurchasable":"Yes","productpurchaselistprice":"","productpricetolerancepercent":"","productsellable":"Yes","productserialcontrolled":"Yes","productbatchtracked":"Yes","standardcost":"","reorderlevel":"","reorderquantity":"","producttype":"1","productuom":"1","statusid":"1"}
[12/Feb/2018 17:21:38] "GET /InventoryApp/get_product/ HTTP/1.1" 200 22
[12/Feb/2018 17:21:38] "GET /InventoryApp/get_uom/ HTTP/1.1" 200 76
[12/Feb/2018 17:21:39] "GET /InventoryApp/get_materialtype/ HTTP/1.1" 200 223
[12/Feb/2018 17:21:39] "GET /InventoryApp/get_status/ HTTP/1.1" 200 497
[12/Feb/2018 17:31:43] "POST /InventoryApp/add_product/ HTTP/1.1" 200 48
[12/Feb/2018 17:31:47] "GET /InventoryApp/get_product/ HTTP/1.1" 200 675
[12/Feb/2018 17:31:58] "GET /InventoryApp/get_status/ HTTP/1.1" 200 497
[12/Feb/2018 17:31:58] "GET /InventoryApp/get_materialtype/ HTTP/1.1" 200 223
[12/Feb/2018 17:31:58] "GET /InventoryApp/get_uom/ HTTP/1.1" 200 76
[12/Feb/2018 17:31:58] "GET /InventoryApp/get_product/ HTTP/1.1" 200 675
[12/Feb/2018 17:32:30] "POST /InventoryApp/login/ HTTP/1.1" 200 53
[12/Feb/2018 17:32:31] "POST /InventoryApp/get_user/ HTTP/1.1" 200 609
[12/Feb/2018 17:32:32] "POST /InventoryApp/get_user/ HTTP/1.1" 200 609
[12/Feb/2018 17:32:34] "GET /InventoryApp/get_product/ HTTP/1.1" 200 675
[12/Feb/2018 17:32:35] "GET /InventoryApp/get_uom/ HTTP/1.1" 200 76
[12/Feb/2018 17:32:35] "GET /InventoryApp/get_materialtype/ HTTP/1.1" 200 223
[12/Feb/2018 17:32:35] "GET /InventoryApp/get_status/ HTTP/1.1" 200 497
[12/Feb/2018 17:32:35] "GET /InventoryApp/get_product/ HTTP/1.1" 200 675
[12/Feb/2018 17:36:31] "GET /robots.txt HTTP/1.1" 404 84
[12/Feb/2018 17:36:31] "GET /InventoryApp/get_product/ HTTP/1.1" 200 675
[12/Feb/2018 17:36:32] "GET /favicon.ico HTTP/1.1" 404 85
[12/Feb/2018 17:36:32] "GET /favicon.ico HTTP/1.1" 404 85
[12/Feb/2018 17:39:01] "POST /InventoryApp/login/ HTTP/1.1" 200 53
[12/Feb/2018 17:39:01] "POST /InventoryApp/get_user/ HTTP/1.1" 200 591
[12/Feb/2018 17:39:02] "POST /InventoryApp/get_user/ HTTP/1.1" 200 591
[12/Feb/2018 17:39:14] "GET /InventoryApp/get_product/ HTTP/1.1" 200 675
[12/Feb/2018 17:39:19] "GET /InventoryApp/get_materialtype/ HTTP/1.1" 200 223
[12/Feb/2018 17:39:19] "GET /InventoryApp/get_status/ HTTP/1.1" 200 497
[12/Feb/2018 17:39:19] "GET /InventoryApp/get_uom/ HTTP/1.1" 200 76
[12/Feb/2018 17:39:19] "GET /InventoryApp/get_product/ HTTP/1.1" 200 675
[12/Feb/2018 17:44:21] "POST /InventoryApp/get_user/ HTTP/1.1" 200 19
Performing system checks...

System check identified no issues (0 silenced).
February 12, 2018 - 17:16:19
Django version 1.11.10, using settings 'InventoryProject.settings'
Starting development server at http://0.0.0.0:20111/
Quit the server with CONTROL-C.
{"productname":"ESP 8266","productdescription":"Wifi Module","productmodel":"8266","productcompany":"Ai- Thinker","productpackage":"ESP 12F","productpurchasable":"Yes","productpurchaselistprice":"280","productpricetolerancepercent":"10","productsellable":"No","productserialcontrolled":"No","productbatchtracked":"Yes","standardcost":"280","reorderlevel":"100","reorderquantity":"500","producttype":"1","productuom":"1","statusid":"1"}
{"username":"davidraju","password":"davidraju"}
{"username":"davidraju"}
{"username":"davidraju"}
{"password":"chanti","username":"chanti"}
{"username":"chanti"}
{"username":"chanti"}
{"username":"null"}
Performing system checks...

System check identified no issues (0 silenced).
February 12, 2018 - 17:44:29
Django version 1.11.10, using settings 'InventoryProject.settings'
Starting development server at http://0.0.0.0:20111/
Quit the server with CONTROL-C.
Performing system checks...

System check identified no issues (0 silenced).
February 12, 2018 - 17:44:30
Django version 1.11.10, using settings 'InventoryProject.settings'
Starting development server at http://0.0.0.0:20111/
Quit the server with CONTROL-C.
Unhandled exception in thread started by <function wrapper at 0x7fbe51c226e0>
Performing system checks...

Traceback (most recent call last):
  File "/usr/local/lib/python2.7/dist-packages/django/utils/autoreload.py", line 228, in wrapper
    fn(*args, **kwargs)
  File "/usr/local/lib/python2.7/dist-packages/django/core/management/commands/runserver.py", line 125, in inner_run
    self.check(display_num_errors=True)
  File "/usr/local/lib/python2.7/dist-packages/django/core/management/base.py", line 359, in check
    include_deployment_checks=include_deployment_checks,
  File "/usr/local/lib/python2.7/dist-packages/django/core/management/base.py", line 346, in _run_checks
    return checks.run_checks(**kwargs)
  File "/usr/local/lib/python2.7/dist-packages/django/core/checks/registry.py", line 81, in run_checks
    new_errors = check(app_configs=app_configs)
  File "/usr/local/lib/python2.7/dist-packages/django/core/checks/urls.py", line 16, in check_url_config
    return check_resolver(resolver)
  File "/usr/local/lib/python2.7/dist-packages/django/core/checks/urls.py", line 26, in check_resolver
    return check_method()
  File "/usr/local/lib/python2.7/dist-packages/django/urls/resolvers.py", line 254, in check
    for pattern in self.url_patterns:
  File "/usr/local/lib/python2.7/dist-packages/django/utils/functional.py", line 35, in __get__
    res = instance.__dict__[self.name] = self.func(instance)
  File "/usr/local/lib/python2.7/dist-packages/django/urls/resolvers.py", line 405, in url_patterns
    patterns = getattr(self.urlconf_module, "urlpatterns", self.urlconf_module)
  File "/usr/local/lib/python2.7/dist-packages/django/utils/functional.py", line 35, in __get__
    res = instance.__dict__[self.name] = self.func(instance)
  File "/usr/local/lib/python2.7/dist-packages/django/urls/resolvers.py", line 398, in urlconf_module
    return import_module(self.urlconf_name)
  File "/usr/lib/python2.7/importlib/__init__.py", line 37, in import_module
    __import__(name)
  File "/home/jts-prod/InventoryProject/InventoryProject/urls.py", line 18, in <module>
    from InventoryApp import urls
  File "/home/jts-prod/InventoryProject/InventoryApp/urls.py", line 9, in <module>
    url(r'^get_employee/',csrf_exempt(get_employee),name = 'get_employee'),
NameError: name 'get_employee' is not defined
Unhandled exception in thread started by <function wrapper at 0x7f14352c96e0>
Performing system checks...

Traceback (most recent call last):
  File "/usr/local/lib/python2.7/dist-packages/django/utils/autoreload.py", line 228, in wrapper
    fn(*args, **kwargs)
  File "/usr/local/lib/python2.7/dist-packages/django/core/management/commands/runserver.py", line 125, in inner_run
    self.check(display_num_errors=True)
  File "/usr/local/lib/python2.7/dist-packages/django/core/management/base.py", line 359, in check
    include_deployment_checks=include_deployment_checks,
  File "/usr/local/lib/python2.7/dist-packages/django/core/management/base.py", line 346, in _run_checks
    return checks.run_checks(**kwargs)
  File "/usr/local/lib/python2.7/dist-packages/django/core/checks/registry.py", line 81, in run_checks
    new_errors = check(app_configs=app_configs)
  File "/usr/local/lib/python2.7/dist-packages/django/core/checks/urls.py", line 16, in check_url_config
    return check_resolver(resolver)
  File "/usr/local/lib/python2.7/dist-packages/django/core/checks/urls.py", line 26, in check_resolver
    return check_method()
  File "/usr/local/lib/python2.7/dist-packages/django/urls/resolvers.py", line 254, in check
    for pattern in self.url_patterns:
  File "/usr/local/lib/python2.7/dist-packages/django/utils/functional.py", line 35, in __get__
    res = instance.__dict__[self.name] = self.func(instance)
  File "/usr/local/lib/python2.7/dist-packages/django/urls/resolvers.py", line 405, in url_patterns
    patterns = getattr(self.urlconf_module, "urlpatterns", self.urlconf_module)
  File "/usr/local/lib/python2.7/dist-packages/django/utils/functional.py", line 35, in __get__
    res = instance.__dict__[self.name] = self.func(instance)
  File "/usr/local/lib/python2.7/dist-packages/django/urls/resolvers.py", line 398, in urlconf_module
    return import_module(self.urlconf_name)
  File "/usr/lib/python2.7/importlib/__init__.py", line 37, in import_module
    __import__(name)
  File "/home/jts-prod/InventoryProject/InventoryProject/urls.py", line 18, in <module>
    from InventoryApp import urls
  File "/home/jts-prod/InventoryProject/InventoryApp/urls.py", line 3, in <module>
    from InventoryApp.views import *
  File "/home/jts-prod/InventoryProject/InventoryApp/views.py", line 791
    
    ^
SyntaxError: EOF while scanning triple-quoted string literal
Unhandled exception in thread started by <function wrapper at 0x7fc37efbd6e0>
Performing system checks...

Traceback (most recent call last):
  File "/usr/local/lib/python2.7/dist-packages/django/utils/autoreload.py", line 228, in wrapper
    fn(*args, **kwargs)
  File "/usr/local/lib/python2.7/dist-packages/django/core/management/commands/runserver.py", line 125, in inner_run
    self.check(display_num_errors=True)
  File "/usr/local/lib/python2.7/dist-packages/django/core/management/base.py", line 359, in check
    include_deployment_checks=include_deployment_checks,
  File "/usr/local/lib/python2.7/dist-packages/django/core/management/base.py", line 346, in _run_checks
    return checks.run_checks(**kwargs)
  File "/usr/local/lib/python2.7/dist-packages/django/core/checks/registry.py", line 81, in run_checks
    new_errors = check(app_configs=app_configs)
  File "/usr/local/lib/python2.7/dist-packages/django/core/checks/urls.py", line 16, in check_url_config
    return check_resolver(resolver)
  File "/usr/local/lib/python2.7/dist-packages/django/core/checks/urls.py", line 26, in check_resolver
    return check_method()
  File "/usr/local/lib/python2.7/dist-packages/django/urls/resolvers.py", line 254, in check
    for pattern in self.url_patterns:
  File "/usr/local/lib/python2.7/dist-packages/django/utils/functional.py", line 35, in __get__
    res = instance.__dict__[self.name] = self.func(instance)
  File "/usr/local/lib/python2.7/dist-packages/django/urls/resolvers.py", line 405, in url_patterns
    patterns = getattr(self.urlconf_module, "urlpatterns", self.urlconf_module)
  File "/usr/local/lib/python2.7/dist-packages/django/utils/functional.py", line 35, in __get__
    res = instance.__dict__[self.name] = self.func(instance)
  File "/usr/local/lib/python2.7/dist-packages/django/urls/resolvers.py", line 398, in urlconf_module
    return import_module(self.urlconf_name)
  File "/usr/lib/python2.7/importlib/__init__.py", line 37, in import_module
    __import__(name)
  File "/home/jts-prod/InventoryProject/InventoryProject/urls.py", line 18, in <module>
    from InventoryApp import urls
  File "/home/jts-prod/InventoryProject/InventoryApp/urls.py", line 32, in <module>
    url(r'^add_status/',csrf_exempt(add_status),name = 'add_status'),
NameError: name 'add_status' is not defined
Unhandled exception in thread started by <function wrapper at 0x7f369b2616e0>
Performing system checks...

Traceback (most recent call last):
  File "/usr/local/lib/python2.7/dist-packages/django/utils/autoreload.py", line 228, in wrapper
    fn(*args, **kwargs)
  File "/usr/local/lib/python2.7/dist-packages/django/core/management/commands/runserver.py", line 125, in inner_run
    self.check(display_num_errors=True)
  File "/usr/local/lib/python2.7/dist-packages/django/core/management/base.py", line 359, in check
    include_deployment_checks=include_deployment_checks,
  File "/usr/local/lib/python2.7/dist-packages/django/core/management/base.py", line 346, in _run_checks
    return checks.run_checks(**kwargs)
  File "/usr/local/lib/python2.7/dist-packages/django/core/checks/registry.py", line 81, in run_checks
    new_errors = check(app_configs=app_configs)
  File "/usr/local/lib/python2.7/dist-packages/django/core/checks/urls.py", line 16, in check_url_config
    return check_resolver(resolver)
  File "/usr/local/lib/python2.7/dist-packages/django/core/checks/urls.py", line 26, in check_resolver
    return check_method()
  File "/usr/local/lib/python2.7/dist-packages/django/urls/resolvers.py", line 254, in check
    for pattern in self.url_patterns:
  File "/usr/local/lib/python2.7/dist-packages/django/utils/functional.py", line 35, in __get__
    res = instance.__dict__[self.name] = self.func(instance)
  File "/usr/local/lib/python2.7/dist-packages/django/urls/resolvers.py", line 405, in url_patterns
    patterns = getattr(self.urlconf_module, "urlpatterns", self.urlconf_module)
  File "/usr/local/lib/python2.7/dist-packages/django/utils/functional.py", line 35, in __get__
    res = instance.__dict__[self.name] = self.func(instance)
  File "/usr/local/lib/python2.7/dist-packages/django/urls/resolvers.py", line 398, in urlconf_module
    return import_module(self.urlconf_name)
  File "/usr/lib/python2.7/importlib/__init__.py", line 37, in import_module
    __import__(name)
  File "/home/jts-prod/InventoryProject/InventoryProject/urls.py", line 18, in <module>
    from InventoryApp import urls
  File "/home/jts-prod/InventoryProject/InventoryApp/urls.py", line 3, in <module>
    from InventoryApp.views import *
  File "/home/jts-prod/InventoryProject/InventoryApp/views.py", line 2360
    
                            ^
SyntaxError: invalid syntax
Unhandled exception in thread started by <function wrapper at 0x7f1fc25896e0>
Performing system checks...

Traceback (most recent call last):
  File "/usr/local/lib/python2.7/dist-packages/django/utils/autoreload.py", line 228, in wrapper
    fn(*args, **kwargs)
  File "/usr/local/lib/python2.7/dist-packages/django/core/management/commands/runserver.py", line 125, in inner_run
    self.check(display_num_errors=True)
  File "/usr/local/lib/python2.7/dist-packages/django/core/management/base.py", line 359, in check
    include_deployment_checks=include_deployment_checks,
  File "/usr/local/lib/python2.7/dist-packages/django/core/management/base.py", line 346, in _run_checks
    return checks.run_checks(**kwargs)
  File "/usr/local/lib/python2.7/dist-packages/django/core/checks/registry.py", line 81, in run_checks
    new_errors = check(app_configs=app_configs)
  File "/usr/local/lib/python2.7/dist-packages/django/core/checks/urls.py", line 16, in check_url_config
    return check_resolver(resolver)
  File "/usr/local/lib/python2.7/dist-packages/django/core/checks/urls.py", line 26, in check_resolver
    return check_method()
  File "/usr/local/lib/python2.7/dist-packages/django/urls/resolvers.py", line 254, in check
    for pattern in self.url_patterns:
  File "/usr/local/lib/python2.7/dist-packages/django/utils/functional.py", line 35, in __get__
    res = instance.__dict__[self.name] = self.func(instance)
  File "/usr/local/lib/python2.7/dist-packages/django/urls/resolvers.py", line 405, in url_patterns
    patterns = getattr(self.urlconf_module, "urlpatterns", self.urlconf_module)
  File "/usr/local/lib/python2.7/dist-packages/django/utils/functional.py", line 35, in __get__
    res = instance.__dict__[self.name] = self.func(instance)
  File "/usr/local/lib/python2.7/dist-packages/django/urls/resolvers.py", line 398, in urlconf_module
    return import_module(self.urlconf_name)
  File "/usr/lib/python2.7/importlib/__init__.py", line 37, in import_module
    __import__(name)
  File "/home/jts-prod/InventoryProject/InventoryProject/urls.py", line 18, in <module>
    from InventoryApp import urls
  File "/home/jts-prod/InventoryProject/InventoryApp/urls.py", line 3, in <module>
    from InventoryApp.views import *
  File "/home/jts-prod/InventoryProject/InventoryApp/views.py", line 3154
    
                                                                                           ^
SyntaxError: invalid syntax
[12/Feb/2018 17:44:52] "POST /InventoryApp/get_user/ HTTP/1.1" 200 19
[12/Feb/2018 17:44:56] "POST /InventoryApp/get_user/ HTTP/1.1" 200 19
[12/Feb/2018 17:45:05] "GET /InventoryApp/get_product/ HTTP/1.1" 200 675
[12/Feb/2018 17:45:06] "GET /InventoryApp/get_product/ HTTP/1.1" 200 675
[12/Feb/2018 17:45:13] "POST /InventoryApp/login/ HTTP/1.1" 200 53
[12/Feb/2018 17:45:16] "POST /InventoryApp/login/ HTTP/1.1" 200 53
[12/Feb/2018 17:45:16] "POST /InventoryApp/get_user/ HTTP/1.1" 200 591
[12/Feb/2018 17:45:16] "POST /InventoryApp/login/ HTTP/1.1" 200 53
[12/Feb/2018 17:45:17] "POST /InventoryApp/get_user/ HTTP/1.1" 200 591
[12/Feb/2018 17:45:17] "POST /InventoryApp/login/ HTTP/1.1" 200 53
[12/Feb/2018 17:45:17] "POST /InventoryApp/get_user/ HTTP/1.1" 200 591
[12/Feb/2018 17:45:17] "POST /InventoryApp/get_user/ HTTP/1.1" 200 591
[12/Feb/2018 17:45:17] "POST /InventoryApp/get_user/ HTTP/1.1" 200 591
[12/Feb/2018 17:45:17] "POST /InventoryApp/get_user/ HTTP/1.1" 200 591
[12/Feb/2018 17:45:23] "GET /InventoryApp/get_product/ HTTP/1.1" 200 675
[12/Feb/2018 17:45:37] "GET /InventoryApp/get_status/ HTTP/1.1" 200 497
[12/Feb/2018 17:45:37] "GET /InventoryApp/get_materialtype/ HTTP/1.1" 200 223
[12/Feb/2018 17:45:37] "GET /InventoryApp/get_product/ HTTP/1.1" 200 675
[12/Feb/2018 17:45:37] "GET /InventoryApp/get_uom/ HTTP/1.1" 200 76
[12/Feb/2018 17:46:32] "POST /InventoryApp/get_user/ HTTP/1.1" 200 19
[12/Feb/2018 17:47:05] "POST /InventoryApp/login/ HTTP/1.1" 200 53
[12/Feb/2018 17:47:05] "POST /InventoryApp/get_user/ HTTP/1.1" 200 591
[12/Feb/2018 17:47:05] "POST /InventoryApp/get_user/ HTTP/1.1" 200 591
[12/Feb/2018 17:47:08] "GET /InventoryApp/get_product/ HTTP/1.1" 200 675
[12/Feb/2018 17:47:14] "GET /InventoryApp/get_product/ HTTP/1.1" 200 675
[12/Feb/2018 17:47:14] "GET /InventoryApp/get_status/ HTTP/1.1" 200 497
[12/Feb/2018 17:47:14] "GET /InventoryApp/get_uom/ HTTP/1.1" 200 76
[12/Feb/2018 17:47:14] "GET /InventoryApp/get_materialtype/ HTTP/1.1" 200 223
[12/Feb/2018 17:49:02] "POST /InventoryApp/login/ HTTP/1.1" 200 53
[12/Feb/2018 17:49:02] "POST /InventoryApp/get_user/ HTTP/1.1" 200 591
[12/Feb/2018 17:49:03] "POST /InventoryApp/get_user/ HTTP/1.1" 200 591
[12/Feb/2018 17:49:05] "GET /InventoryApp/get_product/ HTTP/1.1" 200 675
[12/Feb/2018 17:49:18] "GET /InventoryApp/get_product/ HTTP/1.1" 200 675
[12/Feb/2018 17:49:18] "GET /InventoryApp/get_materialtype/ HTTP/1.1" 200 223
[12/Feb/2018 17:49:18] "GET /InventoryApp/get_uom/ HTTP/1.1" 200 76
[12/Feb/2018 17:49:18] "GET /InventoryApp/get_status/ HTTP/1.1" 200 497
[12/Feb/2018 17:58:09] "POST /InventoryApp/login/ HTTP/1.1" 200 53
[12/Feb/2018 17:58:09] "POST /InventoryApp/get_user/ HTTP/1.1" 200 591
[12/Feb/2018 17:58:10] "POST /InventoryApp/login/ HTTP/1.1" 200 78
[12/Feb/2018 17:58:10] "POST /InventoryApp/get_user/ HTTP/1.1" 200 591
[12/Feb/2018 17:58:16] "POST /InventoryApp/get_user/ HTTP/1.1" 200 591
[12/Feb/2018 17:58:19] "GET /InventoryApp/get_product/ HTTP/1.1" 200 675
[12/Feb/2018 17:58:27] "GET /InventoryApp/get_uom/ HTTP/1.1" 200 76
[12/Feb/2018 17:58:27] "GET /InventoryApp/get_materialtype/ HTTP/1.1" 200 223
[12/Feb/2018 17:58:27] "GET /InventoryApp/get_status/ HTTP/1.1" 200 497
[12/Feb/2018 17:58:27] "GET /InventoryApp/get_product/ HTTP/1.1" 200 675
[12/Feb/2018 17:59:14] "POST /InventoryApp/login/ HTTP/1.1" 200 53
[12/Feb/2018 17:59:14] "POST /InventoryApp/get_user/ HTTP/1.1" 200 591
[12/Feb/2018 17:59:14] "POST /InventoryApp/get_user/ HTTP/1.1" 200 591
[12/Feb/2018 17:59:16] "GET /InventoryApp/get_product/ HTTP/1.1" 200 675
[12/Feb/2018 17:59:22] "GET /InventoryApp/get_uom/ HTTP/1.1" 200 76
[12/Feb/2018 17:59:22] "GET /InventoryApp/get_status/ HTTP/1.1" 200 497
[12/Feb/2018 17:59:23] "GET /InventoryApp/get_materialtype/ HTTP/1.1" 200 223
[12/Feb/2018 17:59:23] "GET /InventoryApp/get_product/ HTTP/1.1" 200 675
[12/Feb/2018 18:04:41] "POST /InventoryApp/login/ HTTP/1.1" 200 53
[12/Feb/2018 18:04:41] "POST /InventoryApp/get_user/ HTTP/1.1" 200 591
[12/Feb/2018 18:04:42] "POST /InventoryApp/get_user/ HTTP/1.1" 200 591
[12/Feb/2018 18:04:43] "GET /InventoryApp/get_product/ HTTP/1.1" 200 675
[12/Feb/2018 18:04:51] "GET /InventoryApp/get_status/ HTTP/1.1" 200 497
[12/Feb/2018 18:04:51] "GET /InventoryApp/get_product/ HTTP/1.1" 200 675
[12/Feb/2018 18:04:52] "GET /InventoryApp/get_uom/ HTTP/1.1" 200 76
[12/Feb/2018 18:04:52] "GET /InventoryApp/get_materialtype/ HTTP/1.1" 200 223
[12/Feb/2018 18:05:31] "POST /InventoryApp/login/ HTTP/1.1" 200 53
[12/Feb/2018 18:05:32] "POST /InventoryApp/get_user/ HTTP/1.1" 200 591
[12/Feb/2018 18:05:32] "POST /InventoryApp/get_user/ HTTP/1.1" 200 591
[12/Feb/2018 18:05:35] "GET /InventoryApp/get_product/ HTTP/1.1" 200 675
[12/Feb/2018 18:05:51] "GET /InventoryApp/get_status/ HTTP/1.1" 200 497
[12/Feb/2018 18:05:51] "GET /InventoryApp/get_uom/ HTTP/1.1" 200 76
[12/Feb/2018 18:05:51] "GET /InventoryApp/get_product/ HTTP/1.1" 200 675
[12/Feb/2018 18:05:51] "GET /InventoryApp/get_materialtype/ HTTP/1.1" 200 223
[12/Feb/2018 18:08:20] "POST /InventoryApp/login/ HTTP/1.1" 200 53
[12/Feb/2018 18:08:21] "POST /InventoryApp/get_user/ HTTP/1.1" 200 591
[12/Feb/2018 18:08:21] "POST /InventoryApp/get_user/ HTTP/1.1" 200 591
[12/Feb/2018 18:08:22] "GET /InventoryApp/get_product/ HTTP/1.1" 200 675
[12/Feb/2018 18:08:28] "GET /InventoryApp/get_uom/ HTTP/1.1" 200 76
[12/Feb/2018 18:08:28] "GET /InventoryApp/get_status/ HTTP/1.1" 200 497
[12/Feb/2018 18:08:28] "GET /InventoryApp/get_materialtype/ HTTP/1.1" 200 223
[12/Feb/2018 18:08:28] "GET /InventoryApp/get_product/ HTTP/1.1" 200 675
[12/Feb/2018 18:12:58] "POST /InventoryApp/login/ HTTP/1.1" 200 53
[12/Feb/2018 18:13:00] "POST /InventoryApp/get_user/ HTTP/1.1" 200 591
[12/Feb/2018 18:13:00] "POST /InventoryApp/get_user/ HTTP/1.1" 200 591
[12/Feb/2018 18:13:06] "GET /InventoryApp/get_product/ HTTP/1.1" 200 675
[12/Feb/2018 18:13:10] "GET /InventoryApp/get_uom/ HTTP/1.1" 200 76
[12/Feb/2018 18:13:10] "GET /InventoryApp/get_status/ HTTP/1.1" 200 497
[12/Feb/2018 18:13:10] "GET /InventoryApp/get_product/ HTTP/1.1" 200 675
[12/Feb/2018 18:13:10] "GET /InventoryApp/get_materialtype/ HTTP/1.1" 200 223
[12/Feb/2018 18:17:17] "POST /InventoryApp/login/ HTTP/1.1" 200 53
[12/Feb/2018 18:17:17] "POST /InventoryApp/get_user/ HTTP/1.1" 200 591
[12/Feb/2018 18:17:18] "POST /InventoryApp/get_user/ HTTP/1.1" 200 591
[12/Feb/2018 18:17:22] "GET /InventoryApp/get_product/ HTTP/1.1" 200 675
[12/Feb/2018 18:17:41] "GET /InventoryApp/get_product/ HTTP/1.1" 200 675
[12/Feb/2018 18:17:41] "GET /InventoryApp/get_status/ HTTP/1.1" 200 497
[12/Feb/2018 18:17:41] "GET /InventoryApp/get_uom/ HTTP/1.1" 200 76
[12/Feb/2018 18:17:41] "GET /InventoryApp/get_materialtype/ HTTP/1.1" 200 223
[12/Feb/2018 18:24:20] "GET /InventoryApp/get_product/ HTTP/1.1" 200 675
[12/Feb/2018 18:24:43] "GET /InventoryApp/get_materialtype/ HTTP/1.1" 200 223
[12/Feb/2018 18:24:43] "GET /InventoryApp/get_product/ HTTP/1.1" 200 675
[12/Feb/2018 18:24:43] "GET /InventoryApp/get_uom/ HTTP/1.1" 200 76
[12/Feb/2018 18:24:43] "GET /InventoryApp/get_status/ HTTP/1.1" 200 497
[12/Feb/2018 18:24:56] "GET /InventoryApp/get_uom/ HTTP/1.1" 200 76
[12/Feb/2018 18:24:56] "GET /InventoryApp/get_materialtype/ HTTP/1.1" 200 223
[12/Feb/2018 18:24:56] "GET /InventoryApp/get_product/ HTTP/1.1" 200 675
[12/Feb/2018 18:24:56] "GET /InventoryApp/get_status/ HTTP/1.1" 200 497
Performing system checks...

System check identified no issues (0 silenced).
February 12, 2018 - 17:44:47
Django version 1.11.10, using settings 'InventoryProject.settings'
Starting development server at http://0.0.0.0:20111/
Quit the server with CONTROL-C.
{"username":"null"}
{"username":"null"}
{"password":"chanti","username":"chanti"}
{"password":"chanti","username":"chanti"}
{"username":"chanti"}
{"password":"chanti","username":"chanti"}
{"password":"chanti","username":"chanti"}
{"username":"chanti"}
{"username":"chanti"}
{"username":"chanti"}
{"username":"chanti"}
{"username":"chanti"}
{"username":"null"}
{"password":"chanti","username":"chanti"}
{"username":"chanti"}
{"username":"chanti"}
{"password":"chanti","username":"chanti"}
{"username":"chanti"}
{"username":"chanti"}
{"username":"chanti","password":"chanti"}
{"username":"chanti"}
{"password":"","username":""}
{"username":"chanti"}
{"username":"chanti"}
{"username":"chanti","password":"chanti"}
{"username":"chanti"}
{"username":"chanti"}
{"username":"chanti","password":"chanti"}
{"username":"chanti"}
{"username":"chanti"}
{"username":"chanti","password":"chanti"}
{"username":"chanti"}
{"username":"chanti"}
{"username":"chanti","password":"chanti"}
{"username":"chanti"}
{"username":"chanti"}
{"username":"chanti","password":"chanti"}
{"username":"chanti"}
{"username":"chanti"}
{"password":"chanti","username":"chanti"}
{"username":"chanti"}
{"username":"chanti"}
Performing system checks...

System check identified no issues (0 silenced).
February 12, 2018 - 18:34:24
Django version 1.11.10, using settings 'InventoryProject.settings'
Starting development server at http://0.0.0.0:20111/
Quit the server with CONTROL-C.
Performing system checks...

System check identified no issues (0 silenced).
February 12, 2018 - 18:34:26
Django version 1.11.10, using settings 'InventoryProject.settings'
Starting development server at http://0.0.0.0:20111/
Quit the server with CONTROL-C.
[12/Feb/2018 18:38:38] "GET /InventoryApp/get_product/ HTTP/1.1" 200 701
[12/Feb/2018 18:40:25] "POST /InventoryApp/login/ HTTP/1.1" 200 53
[12/Feb/2018 18:40:26] "POST /InventoryApp/get_user/ HTTP/1.1" 200 591
[12/Feb/2018 18:40:26] "POST /InventoryApp/get_user/ HTTP/1.1" 200 591
[12/Feb/2018 18:40:29] "GET /InventoryApp/get_product/ HTTP/1.1" 200 701
[12/Feb/2018 18:41:47] "POST /InventoryApp/login/ HTTP/1.1" 200 53
[12/Feb/2018 18:41:47] "POST /InventoryApp/get_user/ HTTP/1.1" 200 591
[12/Feb/2018 18:41:48] "POST /InventoryApp/get_user/ HTTP/1.1" 200 591
[12/Feb/2018 18:41:53] "GET /InventoryApp/get_product/ HTTP/1.1" 200 701
[12/Feb/2018 19:35:29] "POST /InventoryApp/login/ HTTP/1.1" 200 78
[12/Feb/2018 19:46:49] "POST /InventoryApp/login/ HTTP/1.1" 200 53
[12/Feb/2018 19:46:59] "POST /InventoryApp/login/ HTTP/1.1" 200 53
[12/Feb/2018 19:47:00] "POST /InventoryApp/login/ HTTP/1.1" 200 53
[12/Feb/2018 19:47:00] "POST /InventoryApp/get_user/ HTTP/1.1" 200 591
[12/Feb/2018 19:47:01] "POST /InventoryApp/get_user/ HTTP/1.1" 200 591
[12/Feb/2018 19:47:01] "POST /InventoryApp/get_user/ HTTP/1.1" 200 591
[12/Feb/2018 19:47:05] "GET /InventoryApp/get_product/ HTTP/1.1" 200 701
[12/Feb/2018 19:47:56] "POST /InventoryApp/login/ HTTP/1.1" 200 53
[12/Feb/2018 19:47:56] "POST /InventoryApp/get_user/ HTTP/1.1" 200 591
[12/Feb/2018 19:47:56] "POST /InventoryApp/get_user/ HTTP/1.1" 200 591
[12/Feb/2018 19:47:59] "GET /InventoryApp/get_product/ HTTP/1.1" 200 701
[12/Feb/2018 19:48:01] "GET /InventoryApp/get_product/ HTTP/1.1" 200 701
[12/Feb/2018 19:48:01] "GET /InventoryApp/get_materialtype/ HTTP/1.1" 200 223
[12/Feb/2018 19:48:01] "GET /InventoryApp/get_uom/ HTTP/1.1" 200 76
[12/Feb/2018 19:48:01] "GET /InventoryApp/get_status/ HTTP/1.1" 200 497
[12/Feb/2018 19:48:32] "GET /InventoryApp/get_product/ HTTP/1.1" 200 701
[12/Feb/2018 19:48:33] "GET /InventoryApp/get_materialtype/ HTTP/1.1" 200 223
[12/Feb/2018 19:48:33] "GET /InventoryApp/get_uom/ HTTP/1.1" 200 76
[12/Feb/2018 19:48:33] "GET /InventoryApp/get_status/ HTTP/1.1" 200 497
[12/Feb/2018 19:48:33] "GET /InventoryApp/get_product/ HTTP/1.1" 200 701
[13/Feb/2018 12:15:27] "POST /InventoryApp/login/ HTTP/1.1" 200 79
[13/Feb/2018 12:15:33] "POST /InventoryApp/login/ HTTP/1.1" 200 53
[13/Feb/2018 12:15:33] "POST /InventoryApp/get_user/ HTTP/1.1" 200 591
[13/Feb/2018 12:15:33] "POST /InventoryApp/get_user/ HTTP/1.1" 200 591
[13/Feb/2018 12:15:45] "GET /InventoryApp/get_product/ HTTP/1.1" 200 701
[13/Feb/2018 12:15:48] "POST /InventoryApp/get_user/ HTTP/1.1" 200 591
[13/Feb/2018 12:15:50] "GET /InventoryApp/get_location/ HTTP/1.1" 200 150
[13/Feb/2018 12:15:51] "POST /InventoryApp/get_user/ HTTP/1.1" 200 591
[13/Feb/2018 12:15:57] "POST /InventoryApp/get_requisition/ HTTP/1.1" 200 18
[13/Feb/2018 12:15:59] "POST /InventoryApp/get_user/ HTTP/1.1" 200 591
[13/Feb/2018 12:53:33] "POST /InventoryApp/login/ HTTP/1.1" 200 53
[13/Feb/2018 12:53:34] "POST /InventoryApp/login/ HTTP/1.1" 200 53
[13/Feb/2018 12:53:34] "POST /InventoryApp/get_user/ HTTP/1.1" 200 591
[13/Feb/2018 12:53:34] "POST /InventoryApp/get_user/ HTTP/1.1" 200 591
[13/Feb/2018 12:55:41] "GET /InventoryApp/get_product/ HTTP/1.1" 200 701
[13/Feb/2018 12:55:46] "GET /InventoryApp/get_status/ HTTP/1.1" 200 497
[13/Feb/2018 12:55:46] "GET /InventoryApp/get_uom/ HTTP/1.1" 200 76
[13/Feb/2018 12:55:46] "GET /InventoryApp/get_materialtype/ HTTP/1.1" 200 223
[13/Feb/2018 12:55:46] "GET /InventoryApp/get_product/ HTTP/1.1" 200 701
[13/Feb/2018 12:55:52] "GET /InventoryApp/get_product/ HTTP/1.1" 200 701
[13/Feb/2018 12:57:42] "POST /InventoryApp/login/ HTTP/1.1" 200 53
[13/Feb/2018 12:57:45] "POST /InventoryApp/login/ HTTP/1.1" 200 53
[13/Feb/2018 12:57:48] "POST /InventoryApp/get_user/ HTTP/1.1" 200 591
[13/Feb/2018 12:57:48] "POST /InventoryApp/get_user/ HTTP/1.1" 200 591
[13/Feb/2018 12:58:02] "POST /InventoryApp/get_requisition/ HTTP/1.1" 200 18
[13/Feb/2018 15:15:12] "POST /InventoryApp/login/ HTTP/1.1" 200 53
[13/Feb/2018 15:15:12] "POST /InventoryApp/get_user/ HTTP/1.1" 200 609
[13/Feb/2018 15:15:13] "POST /InventoryApp/login/ HTTP/1.1" 200 53
[13/Feb/2018 15:15:13] "POST /InventoryApp/get_user/ HTTP/1.1" 200 609
[13/Feb/2018 15:15:13] "POST /InventoryApp/get_user/ HTTP/1.1" 200 609
[13/Feb/2018 15:15:14] "POST /InventoryApp/get_user/ HTTP/1.1" 200 609
[13/Feb/2018 15:15:35] "GET /InventoryApp/get_product/ HTTP/1.1" 200 701
[13/Feb/2018 15:15:38] "GET /InventoryApp/get_uom/ HTTP/1.1" 200 76
[13/Feb/2018 15:15:38] "GET /InventoryApp/get_materialtype/ HTTP/1.1" 200 223
[13/Feb/2018 15:15:38] "GET /InventoryApp/get_status/ HTTP/1.1" 200 497
[13/Feb/2018 15:19:07] "POST /InventoryApp/login/ HTTP/1.1" 200 53
[13/Feb/2018 15:19:07] "POST /InventoryApp/get_user/ HTTP/1.1" 200 591
[13/Feb/2018 15:19:08] "POST /InventoryApp/get_user/ HTTP/1.1" 200 591
[13/Feb/2018 15:19:25] "GET /InventoryApp/get_status/ HTTP/1.1" 200 497
[13/Feb/2018 15:19:25] "GET /InventoryApp/get_materialtype/ HTTP/1.1" 200 223
[13/Feb/2018 15:19:25] "GET /InventoryApp/get_uom/ HTTP/1.1" 200 76
[13/Feb/2018 15:20:15] "GET /InventoryApp/get_position/ HTTP/1.1" 200 23
[13/Feb/2018 15:20:15] "GET /InventoryApp/get_status/ HTTP/1.1" 200 497
[13/Feb/2018 15:20:15] "GET /InventoryApp/get_warehouse/ HTTP/1.1" 200 148
[13/Feb/2018 15:20:30] "GET /InventoryApp/get_product/ HTTP/1.1" 200 701
[13/Feb/2018 15:20:48] "POST /InventoryApp/login/ HTTP/1.1" 200 53
[13/Feb/2018 15:21:19] "POST /InventoryApp/login/ HTTP/1.1" 200 53
[13/Feb/2018 15:21:20] "POST /InventoryApp/get_user/ HTTP/1.1" 200 591
[13/Feb/2018 15:21:23] "POST /InventoryApp/get_user/ HTTP/1.1" 200 591
[13/Feb/2018 15:21:43] "POST /InventoryApp/get_user/ HTTP/1.1" 200 591
Performing system checks...

System check identified no issues (0 silenced).
February 12, 2018 - 18:38:34
Django version 1.11.10, using settings 'InventoryProject.settings'
Starting development server at http://0.0.0.0:20111/
Quit the server with CONTROL-C.
{"password":"chanti","username":"chanti"}
{"username":"chanti"}
{"username":"chanti"}
{"password":"chanti","username":"chanti"}
{"username":"chanti"}
{"username":"chanti"}
{"password":"","username":""}
{"username":"chanti","password":"chanti"}
{"username":"chanti","password":"chanti"}
{"username":"chanti","password":"chanti"}
{"username":"chanti"}
{"username":"chanti"}
{"username":"chanti"}
{"username":"chanti","password":"chanti"}
{"username":"chanti"}
{"username":"chanti"}
{"password":"","username":"chanti"}
{"password":"chanti","username":"chanti"}
{"username":"chanti"}
{"username":"chanti"}
{"username":"chanti"}
{"username":"chanti"}
{"id":"3"}
{"username":"chanti"}
{"password":"chanti","username":"chanti"}
{"password":"chanti","username":"chanti"}
{"username":"chanti"}
{"username":"chanti"}
{"password":"chanti","username":"chanti"}
{"password":"chanti","username":"chanti"}
{"username":"chanti"}
{"username":"chanti"}
{"id":"3"}
{"username":"davidraju","password":"davidraju"}
{"username":"davidraju"}
{"username":"davidraju","password":"davidraju"}
{"username":"davidraju"}
{"username":"davidraju"}
{"username":"davidraju"}
{"username":"chanti","password":"chanti"}
{"username":"chanti"}
{"username":"chanti"}
{"username":"chanti","password":"chanti"}
{"username":"chanti","password":"chanti"}
{"username":"chanti"}
{"username":"chanti"}
{"username":"chanti"}
nohup: ignoring input
python: can't open file 'instartinventory.py': [Errno 2] No such file or directory
nohup: ignoring input
python: can't open file 'instartinventory.py': [Errno 2] No such file or directory
nohup: ignoring input
nohup: ignoring input
python: can't open file 'startinventory.py': [Errno 2] No such file or directory
[13/Feb/2018 15:32:56] "GET /robots.txt HTTP/1.1" 404 84
[13/Feb/2018 15:32:56] "GET /InventoryApp/get_status/ HTTP/1.1" 200 497
[13/Feb/2018 15:32:56] "GET /favicon.ico HTTP/1.1" 404 85
[13/Feb/2018 15:33:05] "GET /InventoryApp/get_product/ HTTP/1.1" 200 701
[13/Feb/2018 15:35:33] "POST /InventoryApp/login/ HTTP/1.1" 200 53
[13/Feb/2018 15:35:33] "POST /InventoryApp/get_user/ HTTP/1.1" 200 609
[13/Feb/2018 15:35:34] "POST /InventoryApp/login/ HTTP/1.1" 200 53
[13/Feb/2018 15:35:34] "POST /InventoryApp/get_user/ HTTP/1.1" 200 609
[13/Feb/2018 15:35:34] "POST /InventoryApp/get_user/ HTTP/1.1" 200 609
[13/Feb/2018 15:35:35] "POST /InventoryApp/get_user/ HTTP/1.1" 200 609
[13/Feb/2018 15:35:37] "GET /InventoryApp/get_product/ HTTP/1.1" 200 701
[13/Feb/2018 15:35:38] "GET /InventoryApp/get_materialtype/ HTTP/1.1" 200 223
[13/Feb/2018 15:35:38] "GET /InventoryApp/get_status/ HTTP/1.1" 200 497
[13/Feb/2018 15:35:38] "GET /InventoryApp/get_uom/ HTTP/1.1" 200 76
[13/Feb/2018 15:38:31] "POST /InventoryApp/login/ HTTP/1.1" 200 53
[13/Feb/2018 15:38:32] "POST /InventoryApp/get_user/ HTTP/1.1" 200 609
[13/Feb/2018 15:38:32] "POST /InventoryApp/get_user/ HTTP/1.1" 200 609
[13/Feb/2018 15:38:34] "GET /InventoryApp/get_product/ HTTP/1.1" 200 701
[13/Feb/2018 15:38:35] "GET /InventoryApp/get_materialtype/ HTTP/1.1" 200 223
[13/Feb/2018 15:38:35] "GET /InventoryApp/get_status/ HTTP/1.1" 200 497
[13/Feb/2018 15:38:35] "GET /InventoryApp/get_uom/ HTTP/1.1" 200 76
[13/Feb/2018 16:14:46] "POST /InventoryApp/login/ HTTP/1.1" 200 53
[13/Feb/2018 16:14:47] "POST /InventoryApp/get_user/ HTTP/1.1" 200 609
[13/Feb/2018 16:14:47] "POST /InventoryApp/get_user/ HTTP/1.1" 200 609
[13/Feb/2018 16:14:50] "GET /InventoryApp/get_product/ HTTP/1.1" 200 701
[13/Feb/2018 16:14:52] "GET /InventoryApp/get_status/ HTTP/1.1" 200 497
[13/Feb/2018 16:14:53] "GET /InventoryApp/get_materialtype/ HTTP/1.1" 200 223
[13/Feb/2018 16:14:53] "GET /InventoryApp/get_uom/ HTTP/1.1" 200 76
[13/Feb/2018 16:15:26] "POST /InventoryApp/login/ HTTP/1.1" 200 53
[13/Feb/2018 16:15:26] "POST /InventoryApp/get_user/ HTTP/1.1" 200 591
[13/Feb/2018 16:15:27] "POST /InventoryApp/get_user/ HTTP/1.1" 200 591
[13/Feb/2018 16:15:46] "GET /InventoryApp/get_product/ HTTP/1.1" 200 701
[13/Feb/2018 16:15:56] "GET /InventoryApp/get_uom/ HTTP/1.1" 200 76
[13/Feb/2018 16:15:56] "GET /InventoryApp/get_product/ HTTP/1.1" 200 701
[13/Feb/2018 16:15:56] "GET /InventoryApp/get_materialtype/ HTTP/1.1" 200 223
[13/Feb/2018 16:15:56] "GET /InventoryApp/get_status/ HTTP/1.1" 200 497
[13/Feb/2018 16:15:57] "GET /InventoryApp/get_product/ HTTP/1.1" 200 701
[13/Feb/2018 16:15:59] "GET /InventoryApp/get_uom/ HTTP/1.1" 200 76
[13/Feb/2018 16:15:59] "GET /InventoryApp/get_status/ HTTP/1.1" 200 497
[13/Feb/2018 16:15:59] "GET /InventoryApp/get_materialtype/ HTTP/1.1" 200 223
[13/Feb/2018 16:16:01] "GET /InventoryApp/get_product/ HTTP/1.1" 200 701
[13/Feb/2018 16:23:23] "GET /InventoryApp/get_uom/ HTTP/1.1" 200 76
[13/Feb/2018 16:23:23] "GET /InventoryApp/get_materialtype/ HTTP/1.1" 200 223
[13/Feb/2018 16:23:23] "GET /InventoryApp/get_status/ HTTP/1.1" 200 497
[13/Feb/2018 16:26:17] "POST /InventoryApp/login/ HTTP/1.1" 200 53
[13/Feb/2018 16:26:18] "POST /InventoryApp/get_user/ HTTP/1.1" 200 609
[13/Feb/2018 16:26:18] "POST /InventoryApp/get_user/ HTTP/1.1" 200 609
[13/Feb/2018 16:26:21] "GET /InventoryApp/get_product/ HTTP/1.1" 200 701
[13/Feb/2018 16:26:23] "GET /InventoryApp/get_uom/ HTTP/1.1" 200 76
[13/Feb/2018 16:26:23] "GET /InventoryApp/get_status/ HTTP/1.1" 200 497
[13/Feb/2018 16:26:23] "GET /InventoryApp/get_materialtype/ HTTP/1.1" 200 223
[13/Feb/2018 16:29:07] "POST /InventoryApp/login/ HTTP/1.1" 200 53
[13/Feb/2018 16:29:08] "POST /InventoryApp/get_user/ HTTP/1.1" 200 609
[13/Feb/2018 16:29:08] "POST /InventoryApp/get_user/ HTTP/1.1" 200 609
[13/Feb/2018 16:29:10] "GET /InventoryApp/get_product/ HTTP/1.1" 200 701
[13/Feb/2018 16:29:12] "GET /InventoryApp/get_uom/ HTTP/1.1" 200 76
[13/Feb/2018 16:29:12] "GET /InventoryApp/get_status/ HTTP/1.1" 200 497
[13/Feb/2018 16:29:12] "GET /InventoryApp/get_materialtype/ HTTP/1.1" 200 223
[13/Feb/2018 16:31:17] "GET /InventoryApp/get_hr/ HTTP/1.1" 200 17
[13/Feb/2018 16:31:18] "GET /favicon.ico HTTP/1.1" 404 85
[13/Feb/2018 16:35:44] "GET /InventoryApp/get_hr/ HTTP/1.1" 200 17
[13/Feb/2018 16:36:04] "POST /InventoryApp/login/ HTTP/1.1" 200 53
[13/Feb/2018 16:36:05] "POST /InventoryApp/get_user/ HTTP/1.1" 200 609
[13/Feb/2018 16:36:05] "POST /InventoryApp/get_user/ HTTP/1.1" 200 609
[13/Feb/2018 16:36:07] "GET /InventoryApp/get_product/ HTTP/1.1" 200 701
[13/Feb/2018 16:36:11] "GET /InventoryApp/get_uom/ HTTP/1.1" 200 76
[13/Feb/2018 16:36:11] "GET /InventoryApp/get_status/ HTTP/1.1" 200 497
[13/Feb/2018 16:36:11] "GET /InventoryApp/get_materialtype/ HTTP/1.1" 200 223
[13/Feb/2018 16:50:52] "POST /InventoryApp/login/ HTTP/1.1" 200 53
[13/Feb/2018 16:50:53] "POST /InventoryApp/get_user/ HTTP/1.1" 200 609
[13/Feb/2018 16:50:53] "POST /InventoryApp/get_user/ HTTP/1.1" 200 609
[13/Feb/2018 16:50:56] "GET /InventoryApp/get_product/ HTTP/1.1" 200 701
[13/Feb/2018 16:50:57] "GET /InventoryApp/get_uom/ HTTP/1.1" 200 76
[13/Feb/2018 16:50:57] "GET /InventoryApp/get_status/ HTTP/1.1" 200 497
[13/Feb/2018 16:50:57] "GET /InventoryApp/get_materialtype/ HTTP/1.1" 200 223
